[11/01/2022 14:53:24] Debug: Session id: ca58f6a2-cc2d-4faa-95a2-b2364fd8592f
[11/01/2022 14:53:24] Debug: Code Processor information: Name :SnowConvert, Version: 11.0.6.0
[11/01/2022 14:53:24] Debug: Getting license
[11/01/2022 14:53:24] Debug: License information
	Status: Failed
	Message: No active license available.
[11/01/2022 14:53:24] Info: Starting to validate parameters
[11/01/2022 14:53:24] Info: Parameters to validate: 
	Execution mode: Conversion
	LICENSE_KEY: a3372138-b87e-4a08-b929-3b48b24c63f1
[11/01/2022 14:53:24] Info: Validation of parameters: Success
[11/01/2022 14:53:24] Debug: Getting code descriptor
[11/01/2022 14:53:24] Debug: Code descriptor information
	Units: 51
	Units type: LOC
	All file bytes: 2141
	All found extensions: .sql,.dml,.ddl,.bteq,.btq,.fl,.fload,.ml,.mload,.mld,.tp,.tpump,.tpt
[11/01/2022 14:53:24] Debug: Calculating fingerprint
[11/01/2022 14:53:24] Debug: Fingerprint information Fingerprint(size=2141,projects=1)
[11/01/2022 14:53:24] Info: Starting to try to validate online license for execution
[11/01/2022 14:53:26] Debug: Getting license
[11/01/2022 14:53:26] Debug: License information
	Status: Failed
	Message: No active license available.
[11/01/2022 14:53:26] Debug: Starting the execution of the controller
[11/01/2022 14:53:27] Debug: Executing the worker: SnowConvert
[11/01/2022 14:53:40] Debug: Finished executing the worker: SnowConvert
[11/01/2022 14:53:42] Info: Controller execution ended
